<?xml version="1.0" encoding="UTF-8" ?>
<testsuites>
  <testsuite errors="0" failures="0" hostname="Emprivo.local" id="0" name="ScrubItemControllerTests" package="listscrubber" tests="5" time="0.43" timestamp="2010-11-04T22:07:41">
      <properties />

      <testcase classname="listscrubber.ScrubItemControllerTests" name="testCSVProcessing" time="0.16" />

      <testcase classname="listscrubber.ScrubItemControllerTests" name="testMD5Processing" time="0.041" />

      <testcase classname="listscrubber.ScrubItemControllerTests" name="testPlainTextProcessing" time="0.046" />

      <testcase classname="listscrubber.ScrubItemControllerTests" name="testScrubbedFile" time="0.038" />

      <testcase classname="listscrubber.ScrubItemControllerTests" name="testScrubbedFileList" time="0.126" />

      <system-out><![CDATA[--Output from testCSVProcessing--
--Output from testMD5Processing--
--Output from testPlainTextProcessing--
--Output from testScrubbedFile--
--Output from testScrubbedFileList--
]]></system-out>

      <system-err><![CDATA[--Output from testCSVProcessing--
--Output from testMD5Processing--
--Output from testPlainTextProcessing--
--Output from testScrubbedFile--
--Output from testScrubbedFileList--
]]></system-err>

  </testsuite>
  <testsuite errors="0" failures="0" hostname="Emprivo.local" id="1" name="ScrubItemTests" package="listscrubber" tests="1" time="0.0080" timestamp="2010-11-04T22:07:42">
      <properties />

      <testcase classname="listscrubber.ScrubItemTests" name="testSomething" time="0.0070" />

      <system-out><![CDATA[--Output from testSomething--
]]></system-out>

      <system-err><![CDATA[--Output from testSomething--
]]></system-err>

  </testsuite>
</testsuites>
